Start testing: Jun 22 16:04 EDT
----------------------------------------------------------
1/1 Testing: test1
1/1 Test: test1
Command: "/home/tory/MergeSort/build/MergeSort_test" "--gtest_color=yes"
Directory: /home/tory/MergeSort/build
"test1" start time: Jun 22 16:04 EDT
Output:
----------------------------------------------------------
Running main() from gtest_main.cc
[0;32m[==========] [mRunning 4 tests from 1 test case.
[0;32m[----------] [mGlobal test environment set-up.
[0;32m[----------] [m4 tests from MyTest
[0;32m[ RUN      ] [mMyTest.test_1
[0;32m[       OK ] [mMyTest.test_1 (0 ms)
[0;32m[ RUN      ] [mMyTest.test_2
[0;32m[       OK ] [mMyTest.test_2 (0 ms)
[0;32m[ RUN      ] [mMyTest.test_3
[0;32m[       OK ] [mMyTest.test_3 (0 ms)
[0;32m[ RUN      ] [mMyTest.test_4
[0;32m[       OK ] [mMyTest.test_4 (0 ms)
[0;32m[----------] [m4 tests from MyTest (0 ms total)

[0;32m[----------] [mGlobal test environment tear-down
[0;32m[==========] [m4 tests from 1 test case ran. (0 ms total)
[0;32m[  PASSED  ] [m4 tests.
<end of output>
Test time =   0.00 sec
----------------------------------------------------------
Test Passed.
"test1" end time: Jun 22 16:04 EDT
"test1" time elapsed: 00:00:00
----------------------------------------------------------

End testing: Jun 22 16:04 EDT
